c:\users\vaio\desktop\simao\universidade\universidade\x64\debug\vc143.pdb
c:\users\vaio\desktop\simao\universidade\universidade\x64\debug\vc143.idb
c:\users\vaio\desktop\simao\universidade\universidade\x64\debug\universidade.obj
c:\users\vaio\desktop\simao\universidade\universidade\x64\debug\principal.obj
c:\users\vaio\desktop\simao\universidade\universidade\x64\debug\pessoa.obj
c:\users\vaio\desktop\simao\universidade\universidade\x64\debug\main.obj
c:\users\vaio\desktop\simao\universidade\universidade\x64\debug\departamento.obj
c:\users\vaio\desktop\simao\universidade\universidade\x64\debug\professor.obj
c:\users\vaio\desktop\simao\universidade\universidade\x64\debug\disciplina.obj
c:\users\vaio\desktop\simao\universidade\universidade\x64\debug\aluno.obj
c:\users\vaio\desktop\simao\universidade\x64\debug\universidade.exe
c:\users\vaio\desktop\simao\universidade\x64\debug\universidade.pdb
c:\users\vaio\desktop\simao\universidade\universidade\x64\debug\universidade.ilk
c:\users\vaio\desktop\simao\universidade\universidade\x64\debug\universidade.tlog\cl.command.1.tlog
c:\users\vaio\desktop\simao\universidade\universidade\x64\debug\universidade.tlog\cl.items.tlog
c:\users\vaio\desktop\simao\universidade\universidade\x64\debug\universidade.tlog\cl.read.1.tlog
c:\users\vaio\desktop\simao\universidade\universidade\x64\debug\universidade.tlog\cl.write.1.tlog
c:\users\vaio\desktop\simao\universidade\universidade\x64\debug\universidade.tlog\link.command.1.tlog
c:\users\vaio\desktop\simao\universidade\universidade\x64\debug\universidade.tlog\link.read.1.tlog
c:\users\vaio\desktop\simao\universidade\universidade\x64\debug\universidade.tlog\link.secondary.1.tlog
c:\users\vaio\desktop\simao\universidade\universidade\x64\debug\universidade.tlog\link.write.1.tlog
